#
# A fatal error has been detected by the Java Runtime Environment:
#
#  SIGSEGV (0xb) at pc=0x000000010fa48358, pid=10275, tid=19207
#
# JRE version: Java(TM) SE Runtime Environment (8.0_91-b14) (build 1.8.0_91-b14)
# Java VM: Java HotSpot(TM) 64-Bit Server VM (25.91-b14 mixed mode bsd-amd64 compressed oops)
# Problematic frame:
# V  [libjvm.dylib+0x448358]
#
# Failed to write core dump. Core dumps have been disabled. To enable core dumping, try "ulimit -c unlimited" before starting Java again
#
# If you would like to submit a bug report, please visit:
#   http://bugreport.java.com/bugreport/crash.jsp
#

---------------  T H R E A D  ---------------

Current thread (0x00007fe19585f800):  JavaThread "JDWP Transport Listener: dt_socket" daemon [_thread_in_vm, id=19207, stack(0x0000700009907000,0x0000700009a07000)]

siginfo: si_signo: 11 (SIGSEGV), si_code: 0 (unknown), si_addr: 0x0000000000000000

Registers:
RAX=0x0000000000000001, RBX=0x0000700009a06a8b, RCX=0x000000010fe18340, RDX=0x0000700009a06a8b
RSP=0x0000700009a069d0, RBP=0x0000700009a069e0, RSI=0x00007fe19585f800, RDI=0x00046d49726f3b70
R8 =0x0000000000000000, R9 =0x00007fe194f0cc50, R10=0x000007fe194f0c4c, R11=0x0000000000000001
R12=0x00007fe19585f800, R13=0x00046d49726f3b70, R14=0x00046d49726f3b70, R15=0x00007fe194e01670
RIP=0x000000010fa48358, EFLAGS=0x0000000000010202, ERR=0x0000000000000000
  TRAPNO=0x000000000000000d

Top of Stack: (sp=0x0000700009a069d0)
0x0000700009a069d0:   0000700009a06a8b 0000700009a06a8b
0x0000700009a069e0:   0000700009a06a40 000000010f957316
0x0000700009a069f0:   00007fe19585f800 0000000000000000
0x0000700009a06a00:   0000000000000000 0000000000000000
0x0000700009a06a10:   00007fe19585f800 00007fe19585f800
0x0000700009a06a20:   0000700009a06a8b 0000700009a06a90
0x0000700009a06a30:   00046d49726f3b70 0000000000000007
0x0000700009a06a40:   0000700009a06a60 00000001105e9780
0x0000700009a06a50:   0000000000000001 0000700009a06b08
0x0000700009a06a60:   0000700009a06ad0 00000001105ce1f3
0x0000700009a06a70:   0000700009a06aa0 00007fe194f07010
0x0000700009a06a80:   0000000800000032 f000100201a06b08
0x0000700009a06a90:   0000000000000000 0000000000000000
0x0000700009a06aa0:   0000000000000000 0000700009a06c90
0x0000700009a06ab0:   00000001105f0e7a 00007fe194f0eba0
0x0000700009a06ac0:   0000700009a06b08 00000001105fc598
0x0000700009a06ad0:   0000700009a06ae0 00000001105ce2ec
0x0000700009a06ae0:   0000700009a06d00 00000001105d7898
0x0000700009a06af0:   00001b4e00000013 00000000000f0200
0x0000700009a06b00:   00007fe194f10130 00007fe194f11e0e
0x0000700009a06b10:   000000000000014a 00007fe194f0a860
0x0000700009a06b20:   000001000000012c 0000700009a06b58
0x0000700009a06b30:   00007fe194f0a860 00007f0000000000
0x0000700009a06b40:   00001b4e0000001c 00007fe100007c80
0x0000700009a06b50:   0000700009a06b58 e17f000008000000
0x0000700009a06b60:   080000005892e294 32246164626d616c
0x0000700009a06b70:   5629492804000000 0a1000f000000000
0x0000700009a06b80:   40b4c194e17f0000 0064646103000000
0x0000700009a06b90:   76616a4c28150000 532f676e616c2f61
0x0000700009a06ba0:   49293b676e697274 0100000000000000
0x0000700009a06bb0:   58b4c194e17f0000 647465670d000000
0x0000700009a06bc0:   726574696d696c65 6a4c282900000073 

Instructions: (pc=0x000000010fa48358)
0x000000010fa48338:   40 48 48 85 c0 75 e0 30 c0 0f b6 c0 5d c3 31 c0
0x000000010fa48348:   5d c3 55 48 89 e5 53 48 83 ec 08 48 85 ff 74 24
0x000000010fa48358:   48 8b 1f 48 85 db 74 1c 48 83 fb 37 74 16 48 8b
0x000000010fa48368:   03 48 89 df ff 50 10 84 c0 b8 00 00 00 00 48 0f 

Register to memory mapping:

RAX=0x0000000000000001 is an unknown value
RBX=0x0000700009a06a8b is pointing into the stack for thread: 0x00007fe19585f800
RCX=0x000000010fe18340: UseMembar+0 in /Library/Java/JavaVirtualMachines/jdk1.8.0_91.jdk/Contents/Home/jre/lib/server/libjvm.dylib at 0x000000010f600000
RDX=0x0000700009a06a8b is pointing into the stack for thread: 0x00007fe19585f800
RSP=0x0000700009a069d0 is pointing into the stack for thread: 0x00007fe19585f800
RBP=0x0000700009a069e0 is pointing into the stack for thread: 0x00007fe19585f800
RSI=0x00007fe19585f800 is a thread
RDI=0x00046d49726f3b70 is an unknown value
R8 =0x0000000000000000 is an unknown value
R9 =0x00007fe194f0cc50 is an unknown value
R10=0x000007fe194f0c4c is an unknown value
R11=0x0000000000000001 is an unknown value
R12=0x00007fe19585f800 is a thread
R13=0x00046d49726f3b70 is an unknown value
R14=0x00046d49726f3b70 is an unknown value
R15=0x00007fe194e01670 is an unknown value


Stack: [0x0000700009907000,0x0000700009a07000],  sp=0x0000700009a069d0,  free space=1022k
Native frames: (J=compiled Java code, j=interpreted, Vv=VM code, C=native code)
V  [libjvm.dylib+0x448358]
V  [libjvm.dylib+0x357316]
C  [libjdwp.dylib+0x20780]  isMethodSynthetic+0x63
C  [libjdwp.dylib+0x51f3]  methods1+0x10b
C  [libjdwp.dylib+0x52ec]  methodsWithGeneric+0xe
C  [libjdwp.dylib+0xe898]  debugLoop_run+0x1ce
C  [libjdwp.dylib+0x1f6ba]  attachThread+0x4d
V  [libjvm.dylib+0x39867c]
V  [libjvm.dylib+0x563d17]
V  [libjvm.dylib+0x565412]
V  [libjvm.dylib+0x484f82]
C  [libsystem_pthread.dylib+0x3661]  _pthread_body+0x154
C  [libsystem_pthread.dylib+0x350d]  _pthread_body+0x0
C  [libsystem_pthread.dylib+0x2bf9]  thread_start+0xd
C  0x0000000000000000


---------------  P R O C E S S  ---------------

Java Threads: ( => current thread )
  0x00007fe19586a000 JavaThread "Service Thread" daemon [_thread_blocked, id=15875, stack(0x0000700009f19000,0x000070000a019000)]
  0x00007fe195861000 JavaThread "C1 CompilerThread2" daemon [_thread_blocked, id=15619, stack(0x0000700009e16000,0x0000700009f16000)]
  0x00007fe196007800 JavaThread "C2 CompilerThread1" daemon [_thread_blocked, id=15363, stack(0x0000700009d13000,0x0000700009e13000)]
  0x00007fe195860800 JavaThread "C2 CompilerThread0" daemon [_thread_blocked, id=18179, stack(0x0000700009c10000,0x0000700009d10000)]
  0x00007fe195027800 JavaThread "JDWP Command Reader" daemon [_thread_in_native, id=18691, stack(0x0000700009b0d000,0x0000700009c0d000)]
  0x00007fe196810800 JavaThread "JDWP Event Helper Thread" daemon [_thread_blocked, id=18947, stack(0x0000700009a0a000,0x0000700009b0a000)]
=>0x00007fe19585f800 JavaThread "JDWP Transport Listener: dt_socket" daemon [_thread_in_vm, id=19207, stack(0x0000700009907000,0x0000700009a07000)]
  0x00007fe195024800 JavaThread "Signal Dispatcher" daemon [_thread_blocked, id=14343, stack(0x0000700009804000,0x0000700009904000)]
  0x00007fe19680e000 JavaThread "Finalizer" daemon [_thread_blocked, id=12291, stack(0x0000700009701000,0x0000700009801000)]
  0x00007fe195856800 JavaThread "Reference Handler" daemon [_thread_blocked, id=20995, stack(0x00007000095fe000,0x00007000096fe000)]
  0x00007fe195805800 JavaThread "main" [_thread_blocked, id=5891, stack(0x0000700008fec000,0x00007000090ec000)]

Other Threads:
  0x00007fe195853800 VMThread [stack: 0x00007000094fb000,0x00007000095fb000] [id=11523]
  0x00007fe19680f000 WatcherThread [stack: 0x000070000a01c000,0x000070000a11c000] [id=17155]

VM state:not at safepoint (normal execution)

VM Mutex/Monitor currently owned by a thread: None

Heap:
 PSYoungGen      total 38400K, used 3328K [0x0000000795580000, 0x0000000798000000, 0x00000007c0000000)
  eden space 33280K, 10% used [0x0000000795580000,0x00000007958c0050,0x0000000797600000)
  from space 5120K, 0% used [0x0000000797b00000,0x0000000797b00000,0x0000000798000000)
  to   space 5120K, 0% used [0x0000000797600000,0x0000000797600000,0x0000000797b00000)
 ParOldGen       total 87552K, used 0K [0x0000000740000000, 0x0000000745580000, 0x0000000795580000)
  object space 87552K, 0% used [0x0000000740000000,0x0000000740000000,0x0000000745580000)
 Metaspace       used 4058K, capacity 4778K, committed 4864K, reserved 1056768K
  class space    used 466K, capacity 512K, committed 512K, reserved 1048576K

Card table byte_map: [0x0000000110a14000,0x0000000110e15000] byte_map_base: 0x000000010d014000

Marking Bits: (ParMarkBitMap*) 0x000000010fee6eb0
 Begin Bits: [0x0000000120abb000, 0x0000000122abb000)
 End Bits:   [0x0000000122abb000, 0x0000000124abb000)

Polling page: 0x000000010edce000

CodeCache: size=245760Kb used=1443Kb max_used=1445Kb free=244316Kb
 bounds [0x0000000111abb000, 0x0000000111d2b000, 0x0000000120abb000]
 total_blobs=455 nmethods=207 adapters=170
 compilation: enabled

Compilation events (10 events):
Event: 0.332 Thread 0x00007fe195861000  198       3       jdk.internal.org.objectweb.asm.ByteVector::<init> (13 bytes)
Event: 0.332 Thread 0x00007fe195861000 nmethod 198 0x0000000111c23e50 code [0x0000000111c23fc0, 0x0000000111c24210]
Event: 0.332 Thread 0x00007fe195861000  199       3       jdk.internal.org.objectweb.asm.ByteVector::putByteArray (49 bytes)
Event: 0.332 Thread 0x00007fe195861000 nmethod 199 0x0000000111c23890 code [0x0000000111c23a20, 0x0000000111c23d58]
Event: 0.332 Thread 0x00007fe195861000  200       3       jdk.internal.org.objectweb.asm.ByteVector::putInt (74 bytes)
Event: 0.333 Thread 0x00007fe195861000 nmethod 200 0x0000000111c232d0 code [0x0000000111c23440, 0x0000000111c236e8]
Event: 0.334 Thread 0x00007fe195861000  202       3       jdk.internal.org.objectweb.asm.ByteVector::enlarge (51 bytes)
Event: 0.334 Thread 0x00007fe195861000 nmethod 202 0x0000000111c22d50 code [0x0000000111c22ec0, 0x0000000111c231e8]
Event: 0.336 Thread 0x00007fe195861000  205       1       java.lang.invoke.MethodTypeForm::basicType (5 bytes)
Event: 0.336 Thread 0x00007fe195861000 nmethod 205 0x0000000111c22550 code [0x0000000111c226a0, 0x0000000111c227b0]

GC Heap History (0 events):
No events

Deoptimization events (0 events):
No events

Internal exceptions (4 events):
Event: 0.041 Thread 0x00007fe195805800 Exception <a 'java/lang/NoSuchMethodError': Method sun.misc.Unsafe.defineClass(Ljava/lang/String;[BII)Ljava/lang/Class; name or signature does not match> (0x0000000795587cc0) thrown at [/Users/java_re/workspace/8-2-build-macosx-x86_64/jdk8u91/6644/hotspot
Event: 0.041 Thread 0x00007fe195805800 Exception <a 'java/lang/NoSuchMethodError': Method sun.misc.Unsafe.prefetchRead(Ljava/lang/Object;J)V name or signature does not match> (0x0000000795587fa8) thrown at [/Users/java_re/workspace/8-2-build-macosx-x86_64/jdk8u91/6644/hotspot/src/share/vm/prim
Event: 0.299 Thread 0x00007fe195805800 Exception <a 'java/lang/NoSuchFieldError': method resolution failed> (0x00000007958168c0) thrown at [/Users/java_re/workspace/8-2-build-macosx-x86_64/jdk8u91/6644/hotspot/src/share/vm/prims/methodHandles.cpp, line 1146]
Event: 0.304 Thread 0x00007fe195805800 Exception <a 'java/lang/NoSuchFieldError': method resolution failed> (0x0000000795823cd8) thrown at [/Users/java_re/workspace/8-2-build-macosx-x86_64/jdk8u91/6644/hotspot/src/share/vm/prims/methodHandles.cpp, line 1146]

Events (10 events):
Event: 200.344 Executing VM operation: EnterInterpOnlyMode
Event: 200.344 Executing VM operation: EnterInterpOnlyMode done
Event: 200.344 Executing VM operation: ChangeSingleStep
Event: 200.345 Executing VM operation: ChangeSingleStep done
Event: 200.345 Executing VM operation: ChangeSingleStep
Event: 200.345 Executing VM operation: ChangeSingleStep done
Event: 263.797 Executing VM operation: RedefineClasses
Event: 263.799 Executing VM operation: RedefineClasses done
Event: 376.675 Executing VM operation: RedefineClasses
Event: 376.676 Executing VM operation: RedefineClasses done


Dynamic libraries:
0x000000002d49d000 	/System/Library/Frameworks/Cocoa.framework/Versions/A/Cocoa
0x000000002d49d000 	/System/Library/Frameworks/Security.framework/Versions/A/Security
0x000000002d49d000 	/System/Library/Frameworks/ApplicationServices.framework/Versions/A/ApplicationServices
0x000000002d49d000 	/usr/lib/libz.1.dylib
0x000000002d49d000 	/usr/lib/libSystem.B.dylib
0x000000002d49d000 	/usr/lib/libobjc.A.dylib
0x000000002d49d000 	/System/Library/Frameworks/CoreFoundation.framework/Versions/A/CoreFoundation
0x000000002d49d000 	/System/Library/Frameworks/Foundation.framework/Versions/C/Foundation
0x000000002d49d000 	/System/Library/Frameworks/AppKit.framework/Versions/C/AppKit
0x000000002d49d000 	/System/Library/Frameworks/CoreData.framework/Versions/A/CoreData
0x000000002d49d000 	/System/Library/PrivateFrameworks/RemoteViewServices.framework/Versions/A/RemoteViewServices
0x000000002d49d000 	/System/Library/PrivateFrameworks/UIFoundation.framework/Versions/A/UIFoundation
0x000000002d49d000 	/System/Library/PrivateFrameworks/DFRFoundation.framework/Versions/A/DFRFoundation
0x000000002d49d000 	/System/Library/Frameworks/Metal.framework/Versions/A/Metal
0x000000002d49d000 	/System/Library/PrivateFrameworks/DesktopServicesPriv.framework/Versions/A/DesktopServicesPriv
0x000000002d49d000 	/usr/lib/libenergytrace.dylib
0x000000002d49d000 	/System/Library/PrivateFrameworks/SkyLight.framework/Versions/A/SkyLight
0x000000002d49d000 	/System/Library/Frameworks/CoreGraphics.framework/Versions/A/CoreGraphics
0x000000002d49d000 	/usr/lib/libScreenReader.dylib
0x000000002d49d000 	/System/Library/Frameworks/Accelerate.framework/Versions/A/Accelerate
0x000000002d49d000 	/System/Library/Frameworks/IOSurface.framework/Versions/A/IOSurface
0x000000002d49d000 	/System/Library/Frameworks/AudioToolbox.framework/Versions/A/AudioToolbox
0x000000002d49d000 	/System/Library/Frameworks/AudioUnit.framework/Versions/A/AudioUnit
0x000000002d49d000 	/System/Library/PrivateFrameworks/DataDetectorsCore.framework/Versions/A/DataDetectorsCore
0x000000002d49d000 	/System/Library/Frameworks/Carbon.framework/Versions/A/Frameworks/HIToolbox.framework/Versions/A/HIToolbox
0x000000002d49d000 	/usr/lib/libicucore.A.dylib
0x000000002d49d000 	/System/Library/Frameworks/QuartzCore.framework/Versions/A/QuartzCore
0x000000002d49d000 	/System/Library/PrivateFrameworks/SignpostNotification.framework/Versions/A/SignpostNotification
0x000000002d49d000 	/System/Library/Frameworks/Carbon.framework/Versions/A/Frameworks/SpeechRecognition.framework/Versions/A/SpeechRecognition
0x000000002d49d000 	/usr/lib/libauto.dylib
0x000000002d49d000 	/usr/lib/libxml2.2.dylib
0x000000002d49d000 	/System/Library/PrivateFrameworks/CoreUI.framework/Versions/A/CoreUI
0x000000002d49d000 	/System/Library/Frameworks/CoreAudio.framework/Versions/A/CoreAudio
0x000000002d49d000 	/System/Library/Frameworks/DiskArbitration.framework/Versions/A/DiskArbitration
0x000000002d49d000 	/usr/lib/liblangid.dylib
0x000000002d49d000 	/System/Library/PrivateFrameworks/MultitouchSupport.framework/Versions/A/MultitouchSupport
0x000000002d49d000 	/System/Library/Frameworks/IOKit.framework/Versions/A/IOKit
0x000000002d49d000 	/usr/lib/libDiagnosticMessagesClient.dylib
0x000000002d49d000 	/System/Library/Frameworks/CoreServices.framework/Versions/A/CoreServices
0x000000002d49d000 	/System/Library/PrivateFrameworks/PerformanceAnalysis.framework/Versions/A/PerformanceAnalysis
0x000000002d49d000 	/System/Library/Frameworks/OpenGL.framework/Versions/A/OpenGL
0x000000002d49d000 	/System/Library/Frameworks/ColorSync.framework/Versions/A/ColorSync
0x000000002d49d000 	/System/Library/Frameworks/CoreImage.framework/Versions/A/CoreImage
0x000000002d49d000 	/System/Library/Frameworks/CoreText.framework/Versions/A/CoreText
0x000000002d49d000 	/System/Library/Frameworks/ImageIO.framework/Versions/A/ImageIO
0x000000002d49d000 	/System/Library/PrivateFrameworks/Backup.framework/Versions/A/Backup
0x000000002d49d000 	/usr/lib/libarchive.2.dylib
0x000000002d49d000 	/System/Library/Frameworks/CFNetwork.framework/Versions/A/CFNetwork
0x000000002d49d000 	/System/Library/Frameworks/SystemConfiguration.framework/Versions/A/SystemConfiguration
0x000000002d49d000 	/usr/lib/libCRFSuite.dylib
0x000000002d49d000 	/usr/lib/libc++.1.dylib
0x000000002d49d000 	/usr/lib/libc++abi.dylib
0x000000002d49d000 	/usr/lib/system/libcache.dylib
0x000000002d49d000 	/usr/lib/system/libcommonCrypto.dylib
0x000000002d49d000 	/usr/lib/system/libcompiler_rt.dylib
0x000000002d49d000 	/usr/lib/system/libcopyfile.dylib
0x000000002d49d000 	/usr/lib/system/libcorecrypto.dylib
0x000000002d49d000 	/usr/lib/system/libdispatch.dylib
0x000000002d49d000 	/usr/lib/system/libdyld.dylib
0x000000002d49d000 	/usr/lib/system/libkeymgr.dylib
0x000000002d49d000 	/usr/lib/system/liblaunch.dylib
0x000000002d49d000 	/usr/lib/system/libmacho.dylib
0x000000002d49d000 	/usr/lib/system/libquarantine.dylib
0x000000002d49d000 	/usr/lib/system/libremovefile.dylib
0x000000002d49d000 	/usr/lib/system/libsystem_asl.dylib
0x000000002d49d000 	/usr/lib/system/libsystem_blocks.dylib
0x000000002d49d000 	/usr/lib/system/libsystem_c.dylib
0x000000002d49d000 	/usr/lib/system/libsystem_configuration.dylib
0x000000002d49d000 	/usr/lib/system/libsystem_coreservices.dylib
0x000000002d49d000 	/usr/lib/system/libsystem_darwin.dylib
0x000000002d49d000 	/usr/lib/system/libsystem_dnssd.dylib
0x000000002d49d000 	/usr/lib/system/libsystem_info.dylib
0x000000002d49d000 	/usr/lib/system/libsystem_m.dylib
0x000000002d49d000 	/usr/lib/system/libsystem_malloc.dylib
0x000000002d49d000 	/usr/lib/system/libsystem_network.dylib
0x000000002d49d000 	/usr/lib/system/libsystem_networkextension.dylib
0x000000002d49d000 	/usr/lib/system/libsystem_notify.dylib
0x000000002d49d000 	/usr/lib/system/libsystem_sandbox.dylib
0x000000002d49d000 	/usr/lib/system/libsystem_secinit.dylib
0x000000002d49d000 	/usr/lib/system/libsystem_kernel.dylib
0x000000002d49d000 	/usr/lib/system/libsystem_platform.dylib
0x000000002d49d000 	/usr/lib/system/libsystem_pthread.dylib
0x000000002d49d000 	/usr/lib/system/libsystem_symptoms.dylib
0x000000002d49d000 	/usr/lib/system/libsystem_trace.dylib
0x000000002d49d000 	/usr/lib/system/libunwind.dylib
0x000000002d49d000 	/usr/lib/system/libxpc.dylib
0x000000002d49d000 	/usr/lib/closure/libclosured.dylib
0x000000002d49d000 	/usr/lib/libbsm.0.dylib
0x000000002d49d000 	/usr/lib/system/libkxld.dylib
0x000000002d49d000 	/usr/lib/libOpenScriptingUtil.dylib
0x000000002d49d000 	/usr/lib/libcoretls.dylib
0x000000002d49d000 	/usr/lib/libcoretls_cfhelpers.dylib
0x000000002d49d000 	/usr/lib/libpam.2.dylib
0x000000002d49d000 	/usr/lib/libsqlite3.dylib
0x000000002d49d000 	/usr/lib/libxar.1.dylib
0x000000002d49d000 	/usr/lib/libbz2.1.0.dylib
0x000000002d49d000 	/usr/lib/liblzma.5.dylib
0x000000002d49d000 	/usr/lib/libnetwork.dylib
0x000000002d49d000 	/usr/lib/libapple_nghttp2.dylib
0x000000002d49d000 	/usr/lib/libpcap.A.dylib
0x000000002d49d000 	/usr/lib/libboringssl.dylib
0x000000002d49d000 	/usr/lib/libusrtcp.dylib
0x000000002d49d000 	/usr/lib/libapple_crypto.dylib
0x000000002d49d000 	/System/Library/Frameworks/CoreServices.framework/Versions/A/Frameworks/FSEvents.framework/Versions/A/FSEvents
0x000000002d49d000 	/System/Library/Frameworks/CoreServices.framework/Versions/A/Frameworks/CarbonCore.framework/Versions/A/CarbonCore
0x000000002d49d000 	/System/Library/Frameworks/CoreServices.framework/Versions/A/Frameworks/Metadata.framework/Versions/A/Metadata
0x000000002d49d000 	/System/Library/Frameworks/CoreServices.framework/Versions/A/Frameworks/OSServices.framework/Versions/A/OSServices
0x000000002d49d000 	/System/Library/Frameworks/CoreServices.framework/Versions/A/Frameworks/SearchKit.framework/Versions/A/SearchKit
0x000000002d49d000 	/System/Library/Frameworks/CoreServices.framework/Versions/A/Frameworks/AE.framework/Versions/A/AE
0x000000002d49d000 	/System/Library/Frameworks/CoreServices.framework/Versions/A/Frameworks/LaunchServices.framework/Versions/A/LaunchServices
0x000000002d49d000 	/System/Library/Frameworks/CoreServices.framework/Versions/A/Frameworks/DictionaryServices.framework/Versions/A/DictionaryServices
0x000000002d49d000 	/System/Library/Frameworks/CoreServices.framework/Versions/A/Frameworks/SharedFileList.framework/Versions/A/SharedFileList
0x000000002d49d000 	/System/Library/Frameworks/NetFS.framework/Versions/A/NetFS
0x000000002d49d000 	/System/Library/PrivateFrameworks/NetAuth.framework/Versions/A/NetAuth
0x000000002d49d000 	/System/Library/PrivateFrameworks/login.framework/Versions/A/Frameworks/loginsupport.framework/Versions/A/loginsupport
0x000000002d49d000 	/System/Library/PrivateFrameworks/TCC.framework/Versions/A/TCC
0x000000002d49d000 	/usr/lib/libmecabra.dylib
0x000000002d49d000 	/System/Library/Frameworks/ApplicationServices.framework/Versions/A/Frameworks/ATS.framework/Versions/A/ATS
0x000000002d49d000 	/System/Library/Frameworks/ApplicationServices.framework/Versions/A/Frameworks/ColorSyncLegacy.framework/Versions/A/ColorSyncLegacy
0x000000002d49d000 	/System/Library/Frameworks/ApplicationServices.framework/Versions/A/Frameworks/HIServices.framework/Versions/A/HIServices
0x000000002d49d000 	/System/Library/Frameworks/ApplicationServices.framework/Versions/A/Frameworks/LangAnalysis.framework/Versions/A/LangAnalysis
0x000000002d49d000 	/System/Library/Frameworks/ApplicationServices.framework/Versions/A/Frameworks/PrintCore.framework/Versions/A/PrintCore
0x000000002d49d000 	/System/Library/Frameworks/ApplicationServices.framework/Versions/A/Frameworks/QD.framework/Versions/A/QD
0x000000002d49d000 	/System/Library/Frameworks/ApplicationServices.framework/Versions/A/Frameworks/SpeechSynthesis.framework/Versions/A/SpeechSynthesis
0x000000002d49d000 	/System/Library/Frameworks/CoreDisplay.framework/Versions/A/CoreDisplay
0x000000002d49d000 	/System/Library/Frameworks/Accelerate.framework/Versions/A/Frameworks/vImage.framework/Versions/A/vImage
0x000000002d49d000 	/System/Library/Frameworks/Accelerate.framework/Versions/A/Frameworks/vecLib.framework/Versions/A/vecLib
0x000000002d49d000 	/System/Library/Frameworks/Accelerate.framework/Versions/A/Frameworks/vecLib.framework/Versions/A/libvDSP.dylib
0x000000002d49d000 	/System/Library/Frameworks/Accelerate.framework/Versions/A/Frameworks/vecLib.framework/Versions/A/libBNNS.dylib
0x000000002d49d000 	/System/Library/Frameworks/Accelerate.framework/Versions/A/Frameworks/vecLib.framework/Versions/A/libQuadrature.dylib
0x000000002d49d000 	/System/Library/Frameworks/Accelerate.framework/Versions/A/Frameworks/vecLib.framework/Versions/A/libvMisc.dylib
0x000000002d49d000 	/System/Library/Frameworks/Accelerate.framework/Versions/A/Frameworks/vecLib.framework/Versions/A/libLAPACK.dylib
0x000000002d49d000 	/System/Library/Frameworks/Accelerate.framework/Versions/A/Frameworks/vecLib.framework/Versions/A/libBLAS.dylib
0x000000002d49d000 	/System/Library/Frameworks/Accelerate.framework/Versions/A/Frameworks/vecLib.framework/Versions/A/libLinearAlgebra.dylib
0x000000002d49d000 	/System/Library/Frameworks/Accelerate.framework/Versions/A/Frameworks/vecLib.framework/Versions/A/libSparse.dylib
0x000000002d49d000 	/System/Library/Frameworks/Accelerate.framework/Versions/A/Frameworks/vecLib.framework/Versions/A/libSparseBLAS.dylib
0x000000002d49d000 	/System/Library/PrivateFrameworks/GPUWrangler.framework/Versions/A/GPUWrangler
0x000000002d49d000 	/System/Library/PrivateFrameworks/IOAccelerator.framework/Versions/A/IOAccelerator
0x000000002d49d000 	/System/Library/PrivateFrameworks/IOPresentment.framework/Versions/A/IOPresentment
0x000000002d49d000 	/System/Library/PrivateFrameworks/DSExternalDisplay.framework/Versions/A/DSExternalDisplay
0x000000002d49d000 	/System/Library/Frameworks/OpenGL.framework/Versions/A/Libraries/libCoreFSCache.dylib
0x000000002d49d000 	/System/Library/Frameworks/CoreVideo.framework/Versions/A/CoreVideo
0x000000002d49d000 	/System/Library/PrivateFrameworks/GraphVisualizer.framework/Versions/A/GraphVisualizer
0x000000002d49d000 	/System/Library/Frameworks/MetalPerformanceShaders.framework/Versions/A/MetalPerformanceShaders
0x000000002d49d000 	/usr/lib/libFosl_dynamic.dylib
0x000000002d49d000 	/System/Library/PrivateFrameworks/FaceCore.framework/Versions/A/FaceCore
0x000000002d49d000 	/System/Library/Frameworks/OpenCL.framework/Versions/A/OpenCL
0x000000002d49d000 	/usr/lib/libcompression.dylib
0x000000002d49d000 	/System/Library/Frameworks/ApplicationServices.framework/Versions/A/Frameworks/ATS.framework/Versions/A/Resources/libFontParser.dylib
0x000000002d49d000 	/System/Library/Frameworks/ApplicationServices.framework/Versions/A/Frameworks/ATS.framework/Versions/A/Resources/libFontRegistry.dylib
0x000000002d49d000 	/System/Library/Frameworks/ImageIO.framework/Versions/A/Resources/libJPEG.dylib
0x000000002d49d000 	/System/Library/Frameworks/ImageIO.framework/Versions/A/Resources/libTIFF.dylib
0x000000002d49d000 	/System/Library/Frameworks/ImageIO.framework/Versions/A/Resources/libPng.dylib
0x000000002d49d000 	/System/Library/Frameworks/ImageIO.framework/Versions/A/Resources/libGIF.dylib
0x000000002d49d000 	/System/Library/Frameworks/ImageIO.framework/Versions/A/Resources/libJP2.dylib
0x000000002d49d000 	/System/Library/Frameworks/ImageIO.framework/Versions/A/Resources/libRadiance.dylib
0x000000002d49d000 	/System/Library/PrivateFrameworks/AppleJPEG.framework/Versions/A/AppleJPEG
0x000000002d49d000 	/System/Library/Frameworks/MetalPerformanceShaders.framework/Frameworks/MPSCore.framework/Versions/A/MPSCore
0x000000002d49d000 	/System/Library/Frameworks/MetalPerformanceShaders.framework/Frameworks/MPSImage.framework/Versions/A/MPSImage
0x000000002d49d000 	/System/Library/Frameworks/MetalPerformanceShaders.framework/Frameworks/MPSNeuralNetwork.framework/Versions/A/MPSNeuralNetwork
0x000000002d49d000 	/System/Library/Frameworks/MetalPerformanceShaders.framework/Frameworks/MPSMatrix.framework/Versions/A/MPSMatrix
0x000000002d49d000 	/System/Library/PrivateFrameworks/MetalTools.framework/Versions/A/MetalTools
0x000000002d49d000 	/System/Library/Frameworks/OpenGL.framework/Versions/A/Libraries/libGLU.dylib
0x000000002d49d000 	/System/Library/Frameworks/OpenGL.framework/Versions/A/Libraries/libGFXShared.dylib
0x000000002d49d000 	/System/Library/Frameworks/OpenGL.framework/Versions/A/Libraries/libGL.dylib
0x000000002d49d000 	/System/Library/Frameworks/OpenGL.framework/Versions/A/Libraries/libGLImage.dylib
0x000000002d49d000 	/System/Library/Frameworks/OpenGL.framework/Versions/A/Libraries/libCVMSPluginSupport.dylib
0x000000002d49d000 	/System/Library/Frameworks/OpenGL.framework/Versions/A/Libraries/libCoreVMClient.dylib
0x000000002d49d000 	/usr/lib/libcups.2.dylib
0x000000002d49d000 	/System/Library/Frameworks/Kerberos.framework/Versions/A/Kerberos
0x000000002d49d000 	/System/Library/Frameworks/GSS.framework/Versions/A/GSS
0x000000002d49d000 	/usr/lib/libresolv.9.dylib
0x000000002d49d000 	/usr/lib/libiconv.2.dylib
0x000000002d49d000 	/System/Library/PrivateFrameworks/Heimdal.framework/Versions/A/Heimdal
0x000000002d49d000 	/usr/lib/libheimdal-asn1.dylib
0x000000002d49d000 	/System/Library/Frameworks/OpenDirectory.framework/Versions/A/OpenDirectory
0x000000002d49d000 	/System/Library/PrivateFrameworks/CommonAuth.framework/Versions/A/CommonAuth
0x000000002d49d000 	/System/Library/Frameworks/OpenDirectory.framework/Versions/A/Frameworks/CFOpenDirectory.framework/Versions/A/CFOpenDirectory
0x000000002d49d000 	/System/Library/Frameworks/SecurityFoundation.framework/Versions/A/SecurityFoundation
0x000000002d49d000 	/System/Library/PrivateFrameworks/APFS.framework/Versions/A/APFS
0x000000002d49d000 	/usr/lib/libutil.dylib
0x000000002d49d000 	/System/Library/PrivateFrameworks/AppleSauce.framework/Versions/A/AppleSauce
0x000000002d49d000 	/System/Library/PrivateFrameworks/LinguisticData.framework/Versions/A/LinguisticData
0x000000002d49d000 	/usr/lib/libmarisa.dylib
0x000000002d49d000 	/System/Library/PrivateFrameworks/Lexicon.framework/Versions/A/Lexicon
0x000000002d49d000 	/usr/lib/libChineseTokenizer.dylib
0x000000002d49d000 	/usr/lib/libcmph.dylib
0x000000002d49d000 	/System/Library/PrivateFrameworks/LanguageModeling.framework/Versions/A/LanguageModeling
0x000000002d49d000 	/System/Library/PrivateFrameworks/CoreEmoji.framework/Versions/A/CoreEmoji
0x000000002d49d000 	/System/Library/Frameworks/ServiceManagement.framework/Versions/A/ServiceManagement
0x000000002d49d000 	/System/Library/PrivateFrameworks/BackgroundTaskManagement.framework/Versions/A/BackgroundTaskManagement
0x000000002d49d000 	/usr/lib/libxslt.1.dylib
0x000000002d49d000 	/System/Library/Frameworks/Carbon.framework/Versions/A/Frameworks/Ink.framework/Versions/A/Ink
0x000000002d49d000 	/System/Library/PrivateFrameworks/TextureIO.framework/Versions/A/TextureIO
0x000000002d49d000 	/usr/lib/libate.dylib
0x000000002d49d000 	/System/Library/PrivateFrameworks/CrashReporterSupport.framework/Versions/A/CrashReporterSupport
0x000000002d49d000 	/System/Library/PrivateFrameworks/Sharing.framework/Versions/A/Sharing
0x000000002d49d000 	/System/Library/PrivateFrameworks/IconServices.framework/Versions/A/IconServices
0x000000002d49d000 	/System/Library/PrivateFrameworks/AuthKit.framework/Versions/A/AuthKit
0x000000002d49d000 	/System/Library/PrivateFrameworks/Apple80211.framework/Versions/A/Apple80211
0x000000002d49d000 	/System/Library/PrivateFrameworks/CoreUtils.framework/Versions/A/CoreUtils
0x000000002d49d000 	/System/Library/Frameworks/CoreWLAN.framework/Versions/A/CoreWLAN
0x000000002d49d000 	/System/Library/Frameworks/IOBluetooth.framework/Versions/A/IOBluetooth
0x000000002d49d000 	/System/Library/PrivateFrameworks/ProtocolBuffer.framework/Versions/A/ProtocolBuffer
0x000000002d49d000 	/System/Library/PrivateFrameworks/MobileKeyBag.framework/Versions/A/MobileKeyBag
0x000000002d49d000 	/System/Library/PrivateFrameworks/CorePhoneNumbers.framework/Versions/A/CorePhoneNumbers
0x000000002d49d000 	/System/Library/PrivateFrameworks/AppleIDAuthSupport.framework/Versions/A/AppleIDAuthSupport
0x000000002d49d000 	/System/Library/PrivateFrameworks/KeychainCircle.framework/Versions/A/KeychainCircle
0x000000002d49d000 	/System/Library/PrivateFrameworks/CoreWiFi.framework/Versions/A/CoreWiFi
0x000000002d49d000 	/System/Library/Frameworks/CoreBluetooth.framework/Versions/A/CoreBluetooth
0x000000002d49d000 	/System/Library/PrivateFrameworks/DebugSymbols.framework/Versions/A/DebugSymbols
0x000000002d49d000 	/System/Library/PrivateFrameworks/CoreSymbolication.framework/Versions/A/CoreSymbolication
0x000000002d49d000 	/System/Library/PrivateFrameworks/Symbolication.framework/Versions/A/Symbolication
0x000000002d49d000 	/System/Library/PrivateFrameworks/AppleFSCompression.framework/Versions/A/AppleFSCompression
0x000000002d49d000 	/System/Library/PrivateFrameworks/SpeechRecognitionCore.framework/Versions/A/SpeechRecognitionCore
0x000000010f600000 	/Library/Java/JavaVirtualMachines/jdk1.8.0_91.jdk/Contents/Home/jre/lib/server/libjvm.dylib
0x000000002d49d000 	/usr/lib/libstdc++.6.0.9.dylib
0x000000010edc0000 	/Library/Java/JavaVirtualMachines/jdk1.8.0_91.jdk/Contents/Home/jre/lib/libverify.dylib
0x0000000110594000 	/Library/Java/JavaVirtualMachines/jdk1.8.0_91.jdk/Contents/Home/jre/lib/libjava.dylib
0x00000001105c9000 	/Library/Java/JavaVirtualMachines/jdk1.8.0_91.jdk/Contents/Home/jre/lib/libjdwp.dylib
0x000000010edcf000 	/Library/Java/JavaVirtualMachines/jdk1.8.0_91.jdk/Contents/Home/jre/lib/libnpt.dylib
0x000000010eddc000 	/Library/Java/JavaVirtualMachines/jdk1.8.0_91.jdk/Contents/Home/jre/lib/libzip.dylib
0x000000002d49d000 	/System/Library/Frameworks/JavaVM.framework/Versions/A/Frameworks/JavaRuntimeSupport.framework/Versions/A/JavaRuntimeSupport
0x000000002d49d000 	/System/Library/Frameworks/JavaVM.framework/Versions/A/Frameworks/JavaNativeFoundation.framework/Versions/A/JavaNativeFoundation
0x000000002d49d000 	/System/Library/Frameworks/JavaVM.framework/Versions/A/JavaVM
0x000000002d49d000 	/System/Library/Frameworks/Carbon.framework/Versions/A/Carbon
0x000000002d49d000 	/System/Library/PrivateFrameworks/JavaLaunching.framework/Versions/A/JavaLaunching
0x000000002d49d000 	/System/Library/Frameworks/Carbon.framework/Versions/A/Frameworks/CommonPanels.framework/Versions/A/CommonPanels
0x000000002d49d000 	/System/Library/Frameworks/Carbon.framework/Versions/A/Frameworks/Help.framework/Versions/A/Help
0x000000002d49d000 	/System/Library/Frameworks/Carbon.framework/Versions/A/Frameworks/ImageCapture.framework/Versions/A/ImageCapture
0x000000002d49d000 	/System/Library/Frameworks/Carbon.framework/Versions/A/Frameworks/OpenScripting.framework/Versions/A/OpenScripting
0x000000002d49d000 	/System/Library/Frameworks/Carbon.framework/Versions/A/Frameworks/Print.framework/Versions/A/Print
0x000000002d49d000 	/System/Library/Frameworks/Carbon.framework/Versions/A/Frameworks/SecurityHI.framework/Versions/A/SecurityHI
0x000000010edee000 	/Library/Java/JavaVirtualMachines/jdk1.8.0_91.jdk/Contents/Home/jre/lib/libdt_socket.dylib

VM Arguments:
jvm_args: -agentlib:jdwp=transport=dt_socket,suspend=y,address=localhost:63682 -Dfile.encoding=UTF-8 
java_command: com.samgandhi.StringAccumulator.App
java_class_path (initial): /Users/sameergandhi/Documents/workspace/StringAccumulator/target/classes
Launcher Type: SUN_STANDARD

Environment Variables:
PATH=/usr/bin:/bin:/usr/sbin:/sbin
SHELL=/bin/bash

Signal Handlers:
SIGSEGV: [libjvm.dylib+0x5a97a1], sa_mask[0]=11111111011111110111111111111111, sa_flags=SA_ONSTACK|SA_RESTART|SA_SIGINFO
SIGBUS: [libjvm.dylib+0x5a97a1], sa_mask[0]=11111111011111110111111111111111, sa_flags=SA_RESTART|SA_SIGINFO
SIGFPE: [libjvm.dylib+0x482594], sa_mask[0]=11111111011111110111111111111111, sa_flags=SA_RESTART|SA_SIGINFO
SIGPIPE: [libjvm.dylib+0x482594], sa_mask[0]=11111111011111110111111111111111, sa_flags=SA_RESTART|SA_SIGINFO
SIGXFSZ: [libjvm.dylib+0x482594], sa_mask[0]=11111111011111110111111111111111, sa_flags=SA_RESTART|SA_SIGINFO
SIGILL: [libjvm.dylib+0x482594], sa_mask[0]=11111111011111110111111111111111, sa_flags=SA_RESTART|SA_SIGINFO
SIGUSR1: SIG_DFL, sa_mask[0]=00000000000000000000000000000000, sa_flags=none
SIGUSR2: [libjvm.dylib+0x4820b2], sa_mask[0]=00100000000000000000000000000000, sa_flags=SA_RESTART|SA_SIGINFO
SIGHUP: [libjvm.dylib+0x480689], sa_mask[0]=11111111011111110111111111111111, sa_flags=SA_RESTART|SA_SIGINFO
SIGINT: [libjvm.dylib+0x480689], sa_mask[0]=11111111011111110111111111111111, sa_flags=SA_RESTART|SA_SIGINFO
SIGTERM: [libjvm.dylib+0x480689], sa_mask[0]=11111111011111110111111111111111, sa_flags=SA_RESTART|SA_SIGINFO
SIGQUIT: [libjvm.dylib+0x480689], sa_mask[0]=11111111011111110111111111111111, sa_flags=SA_RESTART|SA_SIGINFO


---------------  S Y S T E M  ---------------

OS:Bsduname:Darwin 17.7.0 Darwin Kernel Version 17.7.0: Thu Jun 21 22:53:14 PDT 2018; root:xnu-4570.71.2~1/RELEASE_X86_64 x86_64
rlimit: STACK 8192k, CORE 0k, NPROC 709, NOFILE 10240, AS infinity
load average:1.81 1.97 1.99

CPU:total 4 (2 cores per cpu, 2 threads per core) family 6 model 61 stepping 4, cmov, cx8, fxsr, mmx, sse, sse2, sse3, ssse3, sse4.1, sse4.2, popcnt, avx, avx2, aes, clmul, erms, 3dnowpref, lzcnt, ht, tsc, tscinvbit, bmi1, bmi2, adx

Memory: 4k page, physical 8388608k(128676k free)

/proc/meminfo:


vm_info: Java HotSpot(TM) 64-Bit Server VM (25.91-b14) for bsd-amd64 JRE (1.8.0_91-b14), built on Apr  1 2016 01:03:00 by "java_re" with gcc 4.2.1 (Based on Apple Inc. build 5658) (LLVM build 2336.11.00)

time: Sat Sep 22 15:28:01 2018
elapsed time: 376 seconds (0d 0h 6m 16s)

